<?xml version="1.0" encoding="UTF-8"?>
<testng-results skipped="0" failed="0" ignored="0" total="1" passed="1">
  <reporter-output>
  </reporter-output>
  <suite name="Default suite" duration-ms="63" started-at="2023-04-30T17:42:06 IST" finished-at="2023-04-30T17:42:06 IST">
    <groups>
    </groups>
    <test name="Default test" duration-ms="63" started-at="2023-04-30T17:42:06 IST" finished-at="2023-04-30T17:42:06 IST">
      <class name="vtiger.Practice.ReadDataFromcmdLine">
        <test-method status="PASS" signature="test()[pri:0, instance:vtiger.Practice.ReadDataFromcmdLine@74ad1f1f]" name="test" duration-ms="8" started-at="2023-04-30T17:42:06 IST" finished-at="2023-04-30T17:42:06 IST">
          <reporter-output>
          </reporter-output>
        </test-method> <!-- test -->
      </class> <!-- vtiger.Practice.ReadDataFromcmdLine -->
    </test> <!-- Default test -->
  </suite> <!-- Default suite -->
</testng-results>
